<?xml version="1.0" encoding="UTF-8"?>
<!-- Generated by org.testng.reporters.JUnitXMLReporter -->
<testsuite ignored="0" hostname="AL-QAD-PC001" failures="0" tests="4" name="Group Functionality" time="0.056" errors="0" timestamp="2025-02-17T15:47:48 PST">
  <testcase classname="Order.testGrouping" name="testFour" time="0.008"/>
  <testcase classname="Order.testGrouping" name="testOne" time="0.002"/>
  <testcase classname="Order.testGrouping" name="testThree" time="0.002"/>
  <testcase classname="Order.testGrouping" name="testTwo" time="0.001"/>
</testsuite> <!-- Group Functionality -->
