<?xml version="1.0" encoding="UTF-8"?>
<!-- Generated by org.testng.reporters.JUnitXMLReporter -->
<testsuite ignored="3" hostname="AL-QAD-PC001" failures="0" tests="1" name="Group Functionality" time="0.044" errors="0" timestamp="2025-02-17T16:02:08 PST">
  <testcase classname="Order.testGrouping" name="testFour" time="0.008"/>
  <testcase classname="Order.testGrouping" name="testTwo" time="0.0">
    <ignored/>
  </testcase> <!-- testTwo -->
  <testcase classname="Order.testGrouping" name="testOne" time="0.0">
    <ignored/>
  </testcase> <!-- testOne -->
  <testcase classname="Order.testGrouping" name="testThree" time="0.0">
    <ignored/>
  </testcase> <!-- testThree -->
</testsuite> <!-- Group Functionality -->
