<?xml version="1.0" encoding="UTF-8"?>
<!-- Generated by org.testng.reporters.JUnitReportReporter -->
<testsuite hostname="AL-QAD-PC001" failures="0" tests="4" name="Order.SkippingTest" time="0.013" errors="0" timestamp="2025-02-12T09:37:28 PST" skipped="1">
  <testcase classname="Order.SkippingTest" name="first" time="0.007"/>
  <testcase classname="Order.SkippingTest" name="second" time="0.003"/>
  <testcase classname="Order.SkippingTest" name="third" time="0.002">
    <skipped/>
  </testcase> <!-- third -->
  <testcase classname="Order.SkippingTest" name="fourth" time="0.001"/>
</testsuite> <!-- Order.SkippingTest -->
