<?xml version="1.0" encoding="UTF-8"?>
<!-- Generated by org.testng.reporters.JUnitReportReporter -->
<testsuite hostname="AL-QAD-PC001" failures="0" tests="4" name="Order.SkippingTest" time="0.013" errors="0" timestamp="2025-02-11T13:35:22 PST" skipped="2">
  <testcase classname="Order.SkippingTest" name="first" time="0.006"/>
  <testcase classname="Order.SkippingTest" name="third" time="0.005">
    <skipped/>
  </testcase> <!-- third -->
  <testcase classname="Order.SkippingTest" name="fourth" time="0.002"/>
  <testcase classname="Order.SkippingTest" name="second">
    <skipped/>
  </testcase> <!-- second -->
</testsuite> <!-- Order.SkippingTest -->
