<?xml version="1.0" encoding="UTF-8"?>
<!-- Generated by org.testng.reporters.JUnitReportReporter -->
<testsuite hostname="AL-QAD-PC001" failures="0" tests="4" name="Order.testGrouping" time="0.012" errors="0" timestamp="2025-02-17T16:28:23 PST" skipped="0">
  <testcase classname="Order.testGrouping" name="testOne" time="0.009"/>
  <testcase classname="Order.testGrouping" name="testTwo" time="0.001"/>
  <testcase classname="Order.testGrouping" name="testThree" time="0.001"/>
  <testcase classname="Order.testGrouping" name="testFour" time="0.001"/>
</testsuite> <!-- Order.testGrouping -->
