<?xml version="1.0" encoding="UTF-8"?>
<!-- Generated by org.testng.reporters.JUnitReportReporter -->
<testsuite hostname="AL-QAD-PC001" failures="0" tests="3" name="testDataProvider.dataProviderParam" time="0.004" errors="0" timestamp="2025-02-18T14:45:40 PST" skipped="0">
  <testcase classname="testDataProvider.dataProviderParam" name="scenario2" time="0.001"/>
  <testcase classname="testDataProvider.dataProviderParam" name="commonScenarios" time="0.001"/>
  <testcase classname="testDataProvider.dataProviderParam" name="scenario1" time="0.002"/>
</testsuite> <!-- testDataProvider.dataProviderParam -->
