<?xml version="1.0" encoding="UTF-8"?>
<testng-results ignored="0" total="7" passed="7" failed="0" skipped="0">
  <reporter-output>
  </reporter-output>
  <suite started-at="2025-02-18T14:45:40 PST" name="Data Provider Testing" finished-at="2025-02-18T14:45:40 PST" duration-ms="131">
    <groups>
    </groups>
    <test started-at="2025-02-18T14:45:40 PST" name="testDataType Test" finished-at="2025-02-18T14:45:40 PST" duration-ms="55">
      <class name="testDataProvider.testDataType">
        <test-method signature="AcceptanceTest(java.lang.String)[pri:0, instance:testDataProvider.testDataType@2f9f7dcf]" started-at="2025-02-18T14:45:40 PST" name="AcceptanceTest" data-provider="TestType" finished-at="2025-02-18T14:45:40 PST" duration-ms="7" status="PASS">
          <params>
            <param index="0">
              <value>
                <![CDATA[Acceptance Test Data]]>
              </value>
            </param>
          </params>
          <reporter-output>
          </reporter-output>
        </test-method> <!-- AcceptanceTest -->
        <test-method signature="IntegrationTest(java.lang.String)[pri:0, instance:testDataProvider.testDataType@2f9f7dcf]" started-at="2025-02-18T14:45:40 PST" name="IntegrationTest" data-provider="TestType" finished-at="2025-02-18T14:45:40 PST" duration-ms="1" status="PASS">
          <params>
            <param index="0">
              <value>
                <![CDATA[Integration Test Data]]>
              </value>
            </param>
          </params>
          <reporter-output>
          </reporter-output>
        </test-method> <!-- IntegrationTest -->
        <test-method signature="commonScenarios(java.lang.String)[pri:0, instance:testDataProvider.testDataType@2f9f7dcf]" started-at="2025-02-18T14:45:40 PST" name="commonScenarios" data-provider="TestType" finished-at="2025-02-18T14:45:40 PST" duration-ms="3" status="PASS">
          <params>
            <param index="0">
              <value>
                <![CDATA[Common Test Data]]>
              </value>
            </param>
          </params>
          <reporter-output>
          </reporter-output>
        </test-method> <!-- commonScenarios -->
      </class> <!-- testDataProvider.testDataType -->
    </test> <!-- testDataType Test -->
    <test started-at="2025-02-18T14:45:40 PST" name="dataProviderAcceptanceSample Test" finished-at="2025-02-18T14:45:40 PST" duration-ms="5">
      <class name="testDataProvider.dataProviderAcceptanceSample">
        <test-method signature="printData(java.lang.String)[pri:0, instance:testDataProvider.dataProviderAcceptanceSample@2f4948e4]" started-at="2025-02-18T14:45:40 PST" name="printData" data-provider="scenarioData" finished-at="2025-02-18T14:45:40 PST" duration-ms="2" status="PASS">
          <params>
            <param index="0">
              <value>
                <![CDATA[Common Scenario Data]]>
              </value>
            </param>
          </params>
          <reporter-output>
          </reporter-output>
        </test-method> <!-- printData -->
      </class> <!-- testDataProvider.dataProviderAcceptanceSample -->
    </test> <!-- dataProviderAcceptanceSample Test -->
    <test started-at="2025-02-18T14:45:40 PST" name="dataProviderParam Test" finished-at="2025-02-18T14:45:40 PST" duration-ms="11">
      <class name="testDataProvider.dataProviderParam">
        <test-method signature="commonScenarios(java.lang.String)[pri:0, instance:testDataProvider.dataProviderParam@6989da5e]" started-at="2025-02-18T14:45:40 PST" name="commonScenarios" data-provider="scenarioData" finished-at="2025-02-18T14:45:40 PST" duration-ms="1" status="PASS">
          <params>
            <param index="0">
              <value>
                <![CDATA[Common Scenario Data]]>
              </value>
            </param>
          </params>
          <reporter-output>
          </reporter-output>
        </test-method> <!-- commonScenarios -->
        <test-method signature="scenario1(java.lang.String)[pri:0, instance:testDataProvider.dataProviderParam@6989da5e]" started-at="2025-02-18T14:45:40 PST" name="scenario1" data-provider="scenarioData" finished-at="2025-02-18T14:45:40 PST" duration-ms="2" status="PASS">
          <params>
            <param index="0">
              <value>
                <![CDATA[Common Scenario Data]]>
              </value>
            </param>
          </params>
          <reporter-output>
          </reporter-output>
        </test-method> <!-- scenario1 -->
        <test-method signature="scenario2(java.lang.String)[pri:0, instance:testDataProvider.dataProviderParam@6989da5e]" started-at="2025-02-18T14:45:40 PST" name="scenario2" data-provider="scenarioData" finished-at="2025-02-18T14:45:40 PST" duration-ms="1" status="PASS">
          <params>
            <param index="0">
              <value>
                <![CDATA[Common Scenario Data]]>
              </value>
            </param>
          </params>
          <reporter-output>
          </reporter-output>
        </test-method> <!-- scenario2 -->
      </class> <!-- testDataProvider.dataProviderParam -->
    </test> <!-- dataProviderParam Test -->
  </suite> <!-- Data Provider Testing -->
</testng-results>
