<?xml version="1.0" encoding="UTF-8"?>
<!-- Generated by org.testng.reporters.JUnitXMLReporter -->
<testsuite ignored="0" hostname="AL-QAD-PC001" failures="1" tests="5" name="Listeners Functionality" time="0.062" errors="0" timestamp="2025-02-19T15:03:05 PST">
  <testcase classname="Listeners.sampleTestClass" name="testFour" time="0.01">
    <skipped/>
  </testcase> <!-- testFour -->
  <testcase classname="Listeners.sampleTestClass" name="testGetData" time="0.002"/>
  <testcase classname="Listeners.sampleTestClass" name="testGetData" time="0.001"/>
  <testcase classname="Listeners.sampleTestClass" name="testOne" time="0.001"/>
  <testcase classname="Listeners.sampleTestClass" name="testThree" time="0.006">
    <failure type="java.lang.AssertionError" message="expected [7] but found [5]">
      <![CDATA[java.lang.AssertionError: expected [7] but found [5]
at Listeners.sampleTestClass.testThree(sampleTestClass.java:29)
at java.base/java.util.ArrayList.forEach(ArrayList.java:1597)
... Removed 32 stack frames]]>
    </failure>
  </testcase> <!-- testThree -->
</testsuite> <!-- Listeners Functionality -->
