<?xml version="1.0" encoding="UTF-8"?>
<!-- Generated by org.testng.reporters.JUnitXMLReporter -->
<testsuite ignored="1" hostname="AL-QAD-PC001" failures="0" tests="3" name="Sample" time="0.045" errors="0" timestamp="2025-02-11T13:16:44 PST">
  <testcase classname="Order.SkippingTest" name="first" time="0.005"/>
  <testcase classname="Order.SkippingTest" name="third" time="0.001"/>
  <testcase classname="Order.SkippingTest" name="fourth" time="0.001"/>
  <testcase classname="Order.SkippingTest" name="second" time="0.0">
    <ignored/>
  </testcase> <!-- second -->
</testsuite> <!-- Sample -->
