<?xml version="1.0" encoding="UTF-8"?>
<!-- Generated by org.testng.reporters.JUnitXMLReporter -->
<testsuite ignored="0" hostname="AL-QAD-PC001" failures="0" tests="3" name="dataProviderParam Test" time="0.013" errors="0" timestamp="2025-02-19T11:03:58 PST">
  <testcase classname="testDataProvider.dataProviderParam" name="commonScenarios" time="0.002"/>
  <testcase classname="testDataProvider.dataProviderParam" name="scenario1" time="0.001"/>
  <testcase classname="testDataProvider.dataProviderParam" name="scenario2" time="0.001"/>
</testsuite> <!-- dataProviderParam Test -->
