<?xml version="1.0" encoding="UTF-8"?>
<!-- Generated by org.testng.reporters.JUnitXMLReporter -->
<testsuite ignored="0" hostname="AL-QAD-PC001" failures="0" tests="3" name="testDataType Test" time="0.055" errors="0" timestamp="2025-02-18T14:45:40 PST">
  <testcase classname="testDataProvider.testDataType" name="AcceptanceTest" time="0.007"/>
  <testcase classname="testDataProvider.testDataType" name="IntegrationTest" time="0.001"/>
  <testcase classname="testDataProvider.testDataType" name="commonScenarios" time="0.003"/>
</testsuite> <!-- testDataType Test -->
