<?xml version="1.0" encoding="UTF-8"?>
<!-- Generated by org.testng.reporters.JUnitXMLReporter -->
<testsuite ignored="0" hostname="AL-QAD-PC001" failures="0" tests="3" name="testDataType Test" time="0.072" errors="0" timestamp="2025-02-19T11:03:58 PST">
  <testcase classname="testDataProvider.testDataType" name="AcceptanceTest" time="0.008"/>
  <testcase classname="testDataProvider.testDataType" name="IntegrationTest" time="0.001"/>
  <testcase classname="testDataProvider.testDataType" name="commonScenarios" time="0.006"/>
</testsuite> <!-- testDataType Test -->
