<?xml version="1.0" encoding="UTF-8"?>
<!-- Generated by org.testng.reporters.JUnitXMLReporter -->
<testsuite ignored="4" hostname="AL-QAD-PC001" failures="0" tests="0" time="0.012" errors="0" timestamp="2025-02-19T14:53:48 PST">
  <testcase classname="Listeners.sampleTestClass" name="testGetData" time="0.0">
    <ignored/>
  </testcase> <!-- testGetData -->
  <testcase classname="Listeners.sampleTestClass" name="testOne" time="0.0">
    <ignored/>
  </testcase> <!-- testOne -->
  <testcase classname="Listeners.sampleTestClass" name="testThree" time="0.0">
    <ignored/>
  </testcase> <!-- testThree -->
  <testcase classname="Listeners.sampleTestClass" name="testFour" time="0.0">
    <ignored/>
  </testcase> <!-- testFour -->
</testsuite>
